/*C8*/SET SCHEMA PUBLIC
DISCONNECT
/*C12*/SET SCHEMA PUBLIC
CREATE TABLE MENSAJES (ID BIGINT NOT NULL, PRIMARY KEY (ID))
CREATE TABLE SEQUENCE (SEQ_NAME VARCHAR(50) NOT NULL, SEQ_COUNT NUMERIC(38), PRIMARY KEY (SEQ_NAME))
INSERT INTO SEQUENCE VALUES('SEQ_GEN',0)
COMMIT
/*C7*/SET SCHEMA PUBLIC
DISCONNECT
/*C13*/SET SCHEMA PUBLIC
DROP TABLE MENSAJES
DELETE FROM SEQUENCE WHERE SEQ_NAME='SEQ_GEN'
COMMIT
/*C9*/SET SCHEMA PUBLIC
CREATE TABLE MENSAJES (ID BIGINT NOT NULL, PRIMARY KEY (ID))
ROLLBACK
INSERT INTO SEQUENCE VALUES('SEQ_GEN',0)
COMMIT
/*C10*/SET SCHEMA PUBLIC
DROP TABLE MENSAJES
DELETE FROM SEQUENCE WHERE SEQ_NAME='SEQ_GEN'
COMMIT
/*C14*/SET SCHEMA PUBLIC
CREATE TABLE MENSAJE (ID BIGINT NOT NULL, PRIMARY KEY (ID))
CREATE TABLE MENSAJES (ID BIGINT NOT NULL, PRIMARY KEY (ID))
ROLLBACK
INSERT INTO SEQUENCE VALUES('SEQ_GEN',0)
COMMIT
/*C9*/DROP TABLE MENSAJE
DROP TABLE MENSAJES
DELETE FROM SEQUENCE WHERE SEQ_NAME='SEQ_GEN'
COMMIT
/*C13*/CREATE TABLE MENSAJE (ID BIGINT NOT NULL, PRIMARY KEY (ID))
CREATE TABLE MENSAJES (ID BIGINT NOT NULL, PRIMARY KEY (ID))
ROLLBACK
INSERT INTO SEQUENCE VALUES('SEQ_GEN',0)
COMMIT
/*C14*/DROP TABLE MENSAJE
DROP TABLE MENSAJES
DELETE FROM SEQUENCE WHERE SEQ_NAME='SEQ_GEN'
COMMIT
/*C10*/CREATE TABLE MENSAJE (ID BIGINT NOT NULL, TEXTO VARCHAR(255), FECHA VARCHAR(255), EMISOR VARCHAR(255), PRIMARY KEY (ID))
CREATE TABLE MENSAJES (ID BIGINT NOT NULL, PRIMARY KEY (ID))
ROLLBACK
INSERT INTO SEQUENCE VALUES('SEQ_GEN',0)
COMMIT
/*C11*/SET SCHEMA PUBLIC
DROP TABLE MENSAJE
DROP TABLE MENSAJES
DELETE FROM SEQUENCE WHERE SEQ_NAME='SEQ_GEN'
COMMIT
/*C15*/SET SCHEMA PUBLIC
CREATE TABLE MENSAJE (ID BIGINT NOT NULL, TEXTO VARCHAR(255), FECHA VARCHAR(255), EMISOR VARCHAR(255), PRIMARY KEY (ID))
CREATE TABLE MENSAJES (ID BIGINT NOT NULL, PRIMARY KEY (ID))
ROLLBACK
INSERT INTO SEQUENCE VALUES('SEQ_GEN',0)
COMMIT
/*C16*/SET SCHEMA PUBLIC
DROP TABLE MENSAJE
DROP TABLE MENSAJES
DELETE FROM SEQUENCE WHERE SEQ_NAME='SEQ_GEN'
COMMIT
/*C12*/CREATE TABLE MENSAJE (ID BIGINT NOT NULL, TEXTO VARCHAR(255), FECHA VARCHAR(255), EMISOR VARCHAR(255), PRIMARY KEY (ID))
CREATE TABLE MENSAJES (ID BIGINT NOT NULL, PRIMARY KEY (ID))
ROLLBACK
INSERT INTO SEQUENCE VALUES('SEQ_GEN',0)
COMMIT
/*C13*/DROP TABLE MENSAJE
DROP TABLE MENSAJES
DELETE FROM SEQUENCE WHERE SEQ_NAME='SEQ_GEN'
COMMIT
/*C9*/CREATE TABLE MENSAJE (ID BIGINT NOT NULL, TEXTO VARCHAR(255), FECHA VARCHAR(255), EMISOR VARCHAR(255), PRIMARY KEY (ID))
CREATE TABLE MENSAJES (ID BIGINT NOT NULL, PRIMARY KEY (ID))
ROLLBACK
INSERT INTO SEQUENCE VALUES('SEQ_GEN',0)
COMMIT
/*C10*/DROP TABLE MENSAJE
DROP TABLE MENSAJES
DELETE FROM SEQUENCE WHERE SEQ_NAME='SEQ_GEN'
COMMIT
/*C14*/CREATE TABLE MENSAJE (ID BIGINT NOT NULL, TEXTO VARCHAR(255), FECHA VARCHAR(255), EMISOR VARCHAR(255), PRIMARY KEY (ID))
CREATE TABLE MENSAJES (ID BIGINT NOT NULL, PRIMARY KEY (ID))
ROLLBACK
INSERT INTO SEQUENCE VALUES('SEQ_GEN',0)
COMMIT
/*C15*/DROP TABLE MENSAJE
DROP TABLE MENSAJES
DELETE FROM SEQUENCE WHERE SEQ_NAME='SEQ_GEN'
COMMIT
/*C11*/CREATE TABLE MENSAJE (ID BIGINT NOT NULL, TEXTO VARCHAR(255), FECHA VARCHAR(255), EMISOR VARCHAR(255), PRIMARY KEY (ID))
CREATE TABLE MENSAJES (ID BIGINT NOT NULL, PRIMARY KEY (ID))
ROLLBACK
INSERT INTO SEQUENCE VALUES('SEQ_GEN',0)
COMMIT
/*C12*/DROP TABLE MENSAJE
DROP TABLE MENSAJES
DELETE FROM SEQUENCE WHERE SEQ_NAME='SEQ_GEN'
COMMIT
/*C9*/DISCONNECT
/*C10*/DISCONNECT
/*C11*/DISCONNECT
/*C12*/DISCONNECT
/*C13*/DISCONNECT
/*C14*/DISCONNECT
/*C15*/DISCONNECT
/*C16*/DISCONNECT
/*C25*/SET SCHEMA PUBLIC
DISCONNECT
/*C18*/SET SCHEMA PUBLIC
DISCONNECT
/*C19*/SET SCHEMA PUBLIC
DISCONNECT
/*C20*/SET SCHEMA PUBLIC
DISCONNECT
/*C21*/SET SCHEMA PUBLIC
DISCONNECT
/*C22*/SET SCHEMA PUBLIC
DISCONNECT
/*C23*/SET SCHEMA PUBLIC
DISCONNECT
/*C24*/SET SCHEMA PUBLIC
DISCONNECT
/*C26*/SET SCHEMA PUBLIC
DISCONNECT
/*C27*/SET SCHEMA PUBLIC
DISCONNECT
/*C28*/SET SCHEMA PUBLIC
DISCONNECT
/*C29*/SET SCHEMA PUBLIC
DISCONNECT
/*C30*/SET SCHEMA PUBLIC
DISCONNECT
/*C31*/SET SCHEMA PUBLIC
DISCONNECT
/*C32*/SET SCHEMA PUBLIC
DISCONNECT
/*C33*/SET SCHEMA PUBLIC
DISCONNECT
/*C37*/SET SCHEMA PUBLIC
CREATE TABLE MENSAJE (ID BIGINT NOT NULL, TEXTO VARCHAR(255), FECHA VARCHAR(255), EMISOR VARCHAR(255), PRIMARY KEY (ID))
ROLLBACK
INSERT INTO SEQUENCE VALUES('SEQ_GEN',0)
COMMIT
/*C38*/SET SCHEMA PUBLIC
DROP TABLE MENSAJE
DELETE FROM SEQUENCE WHERE SEQ_NAME='SEQ_GEN'
COMMIT
/*C34*/SET SCHEMA PUBLIC
CREATE TABLE MENSAJE (ID BIGINT NOT NULL, TEXTO VARCHAR(255), FECHA VARCHAR(255), EMISOR VARCHAR(255), PRIMARY KEY (ID))
ROLLBACK
INSERT INTO SEQUENCE VALUES('SEQ_GEN',0)
COMMIT
/*C35*/SET SCHEMA PUBLIC
DROP TABLE MENSAJE
DELETE FROM SEQUENCE WHERE SEQ_NAME='SEQ_GEN'
COMMIT
/*C39*/SET SCHEMA PUBLIC
CREATE TABLE MENSAJE (ID BIGINT NOT NULL, TEXTO VARCHAR(255), FECHA VARCHAR(255), EMISOR VARCHAR(255), PRIMARY KEY (ID))
ROLLBACK
INSERT INTO SEQUENCE VALUES('SEQ_GEN',0)
COMMIT
/*C34*/DROP TABLE MENSAJE
DELETE FROM SEQUENCE WHERE SEQ_NAME='SEQ_GEN'
COMMIT
/*C38*/CREATE TABLE MENSAJE (ID BIGINT NOT NULL, TEXTO VARCHAR(255), FECHA VARCHAR(255), EMISOR VARCHAR(255), PRIMARY KEY (ID))
ROLLBACK
INSERT INTO SEQUENCE VALUES('SEQ_GEN',0)
COMMIT
/*C39*/DROP TABLE MENSAJE
DELETE FROM SEQUENCE WHERE SEQ_NAME='SEQ_GEN'
COMMIT
/*C35*/CREATE TABLE MENSAJE (ID BIGINT NOT NULL, TEXTO VARCHAR(255), FECHA VARCHAR(255), EMISOR VARCHAR(255), PRIMARY KEY (ID))
ROLLBACK
INSERT INTO SEQUENCE VALUES('SEQ_GEN',0)
COMMIT
/*C36*/SET SCHEMA PUBLIC
DROP TABLE MENSAJE
DELETE FROM SEQUENCE WHERE SEQ_NAME='SEQ_GEN'
COMMIT
/*C40*/SET SCHEMA PUBLIC
CREATE TABLE MENSAJE (ID BIGINT NOT NULL, TEXTO VARCHAR(255), FECHA VARCHAR(255), EMISOR VARCHAR(255), PRIMARY KEY (ID))
ROLLBACK
INSERT INTO SEQUENCE VALUES('SEQ_GEN',0)
COMMIT
/*C34*/DISCONNECT
/*C35*/DISCONNECT
/*C36*/DISCONNECT
/*C37*/DISCONNECT
/*C38*/DISCONNECT
/*C39*/DISCONNECT
/*C40*/DISCONNECT
/*C41*/SET SCHEMA PUBLIC
DISCONNECT
/*C45*/SET SCHEMA PUBLIC
ROLLBACK
ROLLBACK
ROLLBACK
/*C42*/SET SCHEMA PUBLIC
DISCONNECT
/*C43*/SET SCHEMA PUBLIC
DISCONNECT
/*C44*/SET SCHEMA PUBLIC
DISCONNECT
/*C45*/DISCONNECT
/*C46*/SET SCHEMA PUBLIC
DISCONNECT
/*C47*/SET SCHEMA PUBLIC
DISCONNECT
/*C48*/SET SCHEMA PUBLIC
DISCONNECT
/*C49*/SET SCHEMA PUBLIC
DISCONNECT
/*C17*/SET SCHEMA PUBLIC
DISCONNECT
/*C50*/SET SCHEMA PUBLIC
DROP TABLE MENSAJE
DELETE FROM SEQUENCE WHERE SEQ_NAME='SEQ_GEN'
COMMIT
/*C54*/SET SCHEMA PUBLIC
CREATE TABLE MENSAJE (ID BIGINT NOT NULL, TEXTO VARCHAR(255), FECHA VARCHAR(255), EMISOR VARCHAR(255), PRIMARY KEY (ID))
ROLLBACK
INSERT INTO SEQUENCE VALUES('SEQ_GEN',0)
COMMIT
/*C55*/SET SCHEMA PUBLIC
DROP TABLE MENSAJE
DELETE FROM SEQUENCE WHERE SEQ_NAME='SEQ_GEN'
COMMIT
/*C51*/SET SCHEMA PUBLIC
CREATE TABLE MENSAJE (ID BIGINT NOT NULL, TEXTO VARCHAR(255), FECHA VARCHAR(255), EMISOR VARCHAR(255), PRIMARY KEY (ID))
ROLLBACK
INSERT INTO SEQUENCE VALUES('SEQ_GEN',0)
COMMIT
/*C50*/DROP TABLE MENSAJE
DELETE FROM SEQUENCE WHERE SEQ_NAME='SEQ_GEN'
COMMIT
/*C54*/CREATE TABLE MENSAJE (ID BIGINT NOT NULL, TEXTO VARCHAR(255), FECHA VARCHAR(255), EMISOR VARCHAR(255), PRIMARY KEY (ID))
ROLLBACK
INSERT INTO SEQUENCE VALUES('SEQ_GEN',0)
COMMIT
/*C55*/DROP TABLE MENSAJE
DELETE FROM SEQUENCE WHERE SEQ_NAME='SEQ_GEN'
COMMIT
/*C51*/CREATE TABLE MENSAJE (ID BIGINT NOT NULL, TEXTO VARCHAR(255), FECHA VARCHAR(255), EMISOR VARCHAR(255), PRIMARY KEY (ID))
ROLLBACK
INSERT INTO SEQUENCE VALUES('SEQ_GEN',0)
COMMIT
/*C52*/SET SCHEMA PUBLIC
DROP TABLE MENSAJE
DELETE FROM SEQUENCE WHERE SEQ_NAME='SEQ_GEN'
COMMIT
/*C56*/SET SCHEMA PUBLIC
CREATE TABLE MENSAJE (ID BIGINT NOT NULL, TEXTO VARCHAR(255), FECHA VARCHAR(255), EMISOR VARCHAR(255), PRIMARY KEY (ID))
ROLLBACK
INSERT INTO SEQUENCE VALUES('SEQ_GEN',0)
COMMIT
/*C50*/DROP TABLE MENSAJE
DELETE FROM SEQUENCE WHERE SEQ_NAME='SEQ_GEN'
COMMIT
/*C54*/CREATE TABLE MENSAJE (ID BIGINT NOT NULL, TEXTO VARCHAR(255), FECHA VARCHAR(255), EMISOR VARCHAR(255), PRIMARY KEY (ID))
ROLLBACK
INSERT INTO SEQUENCE VALUES('SEQ_GEN',0)
COMMIT
/*C55*/DROP TABLE MENSAJE
DELETE FROM SEQUENCE WHERE SEQ_NAME='SEQ_GEN'
COMMIT
/*C51*/CREATE TABLE MENSAJE (ID BIGINT NOT NULL, TEXTO VARCHAR(255), FECHA VARCHAR(255), EMISOR VARCHAR(255), PRIMARY KEY (ID))
ROLLBACK
INSERT INTO SEQUENCE VALUES('SEQ_GEN',0)
COMMIT
/*C55*/DELETE FROM SEQUENCE WHERE SEQ_NAME='SEQ_GEN'
INSERT INTO SEQUENCE VALUES('SEQ_GEN',50)
INSERT INTO MENSAJE VALUES(1,'dhfgdhfdgbfgdbfdg','30-01-2011','Javi')
COMMIT
/*C51*/INSERT INTO MENSAJE VALUES(2,'mensaje numero 2','30-01-2011','Javi')
COMMIT
/*C53*/SET SCHEMA PUBLIC
DISCONNECT
/*C54*/DISCONNECT
/*C55*/DISCONNECT
/*C56*/DISCONNECT
/*C57*/SET SCHEMA PUBLIC
DISCONNECT
